{
  "RSpec": {
    "coverage": {
      "/Users/jameshamann/Documents/Dev_Work/webshop/spec/web_helper.rb": [
        1,
        1,
        1,
        1,
        1,
        1,
        1,
        null
      ],
      "/Users/jameshamann/Documents/Dev_Work/webshop/spec/features/adding_an_item_spec.rb": [
        1,
        null,
        1,
        null,
        1,
        null,
        1,
        1,
        1,
        1,
        null,
        null,
        1,
        1,
        1,
        1,
        1,
        null,
        null,
        null
      ],
      "/Users/jameshamann/Documents/Dev_Work/webshop/spec/rails_helper.rb": [
        null,
        null,
        1,
        1,
        1,
        null,
        1,
        1,
        null,
        null,
        null,
        null,
        null,
        null,
        null,
        null,
        null,
        null,
        null,
        null,
        null,
        null,
        null,
        null,
        null,
        null,
        null,
        1,
        null,
        1,
        null,
        1,
        null,
        null,
        null,
        null,
        1,
        null,
        null,
        null,
        null,
        null,
        null,
        null,
        null,
        null,
        null,
        null,
        null,
        null,
        null,
        1,
        null,
        null,
        1,
        null,
        null,
        null
      ],
      "/Users/jameshamann/Documents/Dev_Work/webshop/config/environment.rb": [
        null,
        1,
        null,
        null,
        1
      ],
      "/Users/jameshamann/Documents/Dev_Work/webshop/config/application.rb": [
        1,
        null,
        1,
        null,
        null,
        null,
        1,
        null,
        1,
        1,
        null,
        null,
        null,
        null,
        null
      ],
      "/Users/jameshamann/Documents/Dev_Work/webshop/config/boot.rb": [
        1,
        null,
        1
      ],
      "/Users/jameshamann/Documents/Dev_Work/webshop/config/spring.rb": [
        null,
        null,
        null,
        null,
        null,
        5
      ],
      "/Users/jameshamann/Documents/Dev_Work/webshop/config/environments/test.rb": [
        1,
        null,
        null,
        null,
        null,
        null,
        null,
        1,
        null,
        null,
        null,
        null,
        1,
        null,
        null,
        1,
        1,
        null,
        null,
        null,
        null,
        1,
        1,
        null,
        null,
        1,
        null,
        null,
        1,
        1,
        null,
        null,
        null,
        null,
        1,
        null,
        null,
        1,
        null,
        null,
        null,
        null
      ],
      "/Users/jameshamann/Documents/Dev_Work/webshop/config/initializers/application_controller_renderer.rb": [
        null,
        null,
        null,
        null,
        null,
        null
      ],
      "/Users/jameshamann/Documents/Dev_Work/webshop/config/initializers/assets.rb": [
        null,
        null,
        null,
        1,
        null,
        null,
        null,
        null,
        null,
        null,
        null
      ],
      "/Users/jameshamann/Documents/Dev_Work/webshop/config/initializers/backtrace_silencers.rb": [
        null,
        null,
        null,
        null,
        null,
        null,
        null
      ],
      "/Users/jameshamann/Documents/Dev_Work/webshop/config/initializers/cookies_serializer.rb": [
        null,
        null,
        null,
        null,
        1
      ],
      "/Users/jameshamann/Documents/Dev_Work/webshop/config/initializers/filter_parameter_logging.rb": [
        null,
        null,
        null,
        1
      ],
      "/Users/jameshamann/Documents/Dev_Work/webshop/config/initializers/inflections.rb": [
        null,
        null,
        null,
        null,
        null,
        null,
        null,
        null,
        null,
        null,
        null,
        null,
        null,
        null,
        null,
        null
      ],
      "/Users/jameshamann/Documents/Dev_Work/webshop/config/initializers/mime_types.rb": [
        null,
        null,
        null,
        null
      ],
      "/Users/jameshamann/Documents/Dev_Work/webshop/config/initializers/new_framework_defaults.rb": [
        null,
        null,
        null,
        null,
        null,
        null,
        1,
        null,
        null,
        1,
        null,
        null,
        1,
        null,
        null,
        null,
        1,
        null,
        null,
        1,
        null,
        null,
        1,
        null,
        null,
        1
      ],
      "/Users/jameshamann/Documents/Dev_Work/webshop/config/initializers/session_store.rb": [
        null,
        null,
        1
      ],
      "/Users/jameshamann/Documents/Dev_Work/webshop/config/initializers/wrap_parameters.rb": [
        null,
        null,
        null,
        null,
        null,
        null,
        1,
        2,
        null,
        null,
        null,
        null,
        null,
        null
      ],
      "/Users/jameshamann/Documents/Dev_Work/webshop/config/routes.rb": [
        1,
        null,
        null,
        1,
        1,
        null
      ],
      "/Users/jameshamann/Documents/Dev_Work/webshop/app/helpers/application_helper.rb": [
        1,
        null
      ],
      "/Users/jameshamann/Documents/Dev_Work/webshop/app/helpers/items_helper.rb": [
        1,
        null
      ],
      "/Users/jameshamann/Documents/Dev_Work/webshop/spec/item_spec.rb": [
        1
      ],
      "/Users/jameshamann/Documents/Dev_Work/webshop/app/controllers/items_controller.rb": [
        1,
        null,
        1,
        3,
        null,
        null,
        1,
        1,
        null,
        null,
        1,
        1,
        1,
        1,
        1,
        null,
        0,
        0,
        null,
        null,
        null,
        1,
        null,
        1,
        1,
        null,
        null,
        null,
        null
      ],
      "/Users/jameshamann/Documents/Dev_Work/webshop/app/controllers/application_controller.rb": [
        1,
        1,
        null
      ],
      "/Users/jameshamann/Documents/Dev_Work/webshop/app/models/item.rb": [
        1,
        1,
        1,
        null,
        null
      ],
      "/Users/jameshamann/Documents/Dev_Work/webshop/app/models/application_record.rb": [
        1,
        1,
        null
      ]
    },
    "timestamp": 1497356642
  }
}
